<?xml version="1.0" encoding="UTF-8"?>
<testsuite name="calculator.calculatorTest" tests="5" skipped="0" failures="0" errors="0" timestamp="2025-09-08T03:59:11.177Z" hostname="LAPTOP-PF3GEGUF" time="0.003">
  <properties/>
  <testcase name="testDivideByZero" classname="calculator.calculatorTest" time="0.002"/>
  <testcase name="testAdd" classname="calculator.calculatorTest" time="0.0"/>
  <testcase name="testSubtract" classname="calculator.calculatorTest" time="0.0"/>
  <testcase name="testDivide" classname="calculator.calculatorTest" time="0.0"/>
  <testcase name="testMultiply" classname="calculator.calculatorTest" time="0.001"/>
  <system-out><![CDATA[]]></system-out>
  <system-err><![CDATA[]]></system-err>
</testsuite>
